# JRE version: OpenJDK Runtime Environment (21.0.3) (build 21.0.3+-12282718-b509.11)
# Java VM: OpenJDK 64-Bit Server VM (21.0.3+-12282718-b509.11, mixed mode, tiered, compressed oops, compressed class ptrs, g1 gc, windows-amd64)
GC Precious Log:
 CardTable entry size: 512
 Card Set container configuration: InlinePtr #cards 5 size 8 Array Of Cards #cards 12 size 40 Howl #buckets 4 coarsen threshold 1843 Howl Bitmap #cards 512 size 80 coarsen threshold 460 Card regions per heap region 1 cards per card region 2048
 CPUs: 6 total, 6 available
 Memory: 7549M
 Large Page Support: Disabled
 NUMA Support: Disabled
 Compressed Oops: Enabled (32-bit)
 Heap Region Size: 1M
 Heap Min Capacity: 8M
 Heap Initial Capacity: 118M
 Heap Max Capacity: 2G
 Pre-touch: Disabled
 Parallel Workers: 6
 Concurrent Workers: 2
 Concurrent Refinement Workers: 6
 Periodic GC: Disabled
Heap:
 garbage-first heap   total 194560K, used 129206K [0x0000000080000000, 0x0000000100000000)
  region size 1024K, 8 young (8192K), 6 survivors (6144K)
 Metaspace       used 126239K, committed 128256K, reserved 1179648K
  class space    used 16272K, committed 17280K, reserved 1048576K
GC Heap History (20 events):
Event: 7.625 GC heap before
{Heap before GC invocations=25 (full 0):
 garbage-first heap   total 148480K, used 125395K [0x0000000080000000, 0x0000000100000000)
  region size 1024K, 36 young (36864K), 5 survivors (5120K)
 Metaspace       used 80221K, committed 81728K, reserved 1179648K
  class space    used 10999K, committed 11712K, reserved 1048576K
}
Event: 7.630 GC heap after
{Heap after GC invocations=26 (full 0):
 garbage-first heap   total 148480K, used 96936K [0x0000000080000000, 0x0000000100000000)
  region size 1024K, 3 young (3072K), 3 survivors (3072K)
 Metaspace       used 80221K, committed 81728K, reserved 1179648K
  class space    used 10999K, committed 11712K, reserved 1048576K
}
Event: 7.995 GC heap before
{Heap before GC invocations=26 (full 0):
 garbage-first heap   total 148480K, used 132776K [0x0000000080000000, 0x0000000100000000)
  region size 1024K, 38 young (38912K), 3 survivors (3072K)
 Metaspace       used 84705K, committed 86208K, reserved 1179648K
  class space    used 11387K, committed 12096K, reserved 1048576K
}
Event: 7.999 GC heap after
{Heap after GC invocations=27 (full 0):
 garbage-first heap   total 178176K, used 98899K [0x0000000080000000, 0x0000000100000000)
  region size 1024K, 5 young (5120K), 5 survivors (5120K)
 Metaspace       used 84705K, committed 86208K, reserved 1179648K
  class space    used 11387K, committed 12096K, reserved 1048576K
}
Event: 8.562 GC heap before
{Heap before GC invocations=27 (full 0):
 garbage-first heap   total 178176K, used 153171K [0x0000000080000000, 0x0000000100000000)
  region size 1024K, 58 young (59392K), 5 survivors (5120K)
 Metaspace       used 91158K, committed 93056K, reserved 1179648K
  class space    used 12229K, committed 13120K, reserved 1048576K
}
Event: 8.570 GC heap after
{Heap after GC invocations=28 (full 0):
 garbage-first heap   total 178176K, used 102625K [0x0000000080000000, 0x0000000100000000)
  region size 1024K, 6 young (6144K), 6 survivors (6144K)
 Metaspace       used 91158K, committed 93056K, reserved 1179648K
  class space    used 12229K, committed 13120K, reserved 1048576K
}
Event: 8.960 GC heap before
{Heap before GC invocations=28 (full 0):
 garbage-first heap   total 178176K, used 129249K [0x0000000080000000, 0x0000000100000000)
  region size 1024K, 33 young (33792K), 6 survivors (6144K)
 Metaspace       used 95146K, committed 97088K, reserved 1179648K
  class space    used 12732K, committed 13696K, reserved 1048576K
}
Event: 8.966 GC heap after
{Heap after GC invocations=29 (full 0):
 garbage-first heap   total 178176K, used 104257K [0x0000000080000000, 0x0000000100000000)
  region size 1024K, 6 young (6144K), 6 survivors (6144K)
 Metaspace       used 95146K, committed 97088K, reserved 1179648K
  class space    used 12732K, committed 13696K, reserved 1048576K
}
Event: 9.436 GC heap before
{Heap before GC invocations=30 (full 0):
 garbage-first heap   total 193536K, used 160577K [0x0000000080000000, 0x0000000100000000)
  region size 1024K, 60 young (61440K), 6 survivors (6144K)
 Metaspace       used 97511K, committed 99456K, reserved 1179648K
  class space    used 12993K, committed 13952K, reserved 1048576K
}
Event: 9.444 GC heap after
{Heap after GC invocations=31 (full 0):
 garbage-first heap   total 193536K, used 108772K [0x0000000080000000, 0x0000000100000000)
  region size 1024K, 7 young (7168K), 7 survivors (7168K)
 Metaspace       used 97511K, committed 99456K, reserved 1179648K
  class space    used 12993K, committed 13952K, reserved 1048576K
}
Event: 10.127 GC heap before
{Heap before GC invocations=31 (full 0):
 garbage-first heap   total 193536K, used 169188K [0x0000000080000000, 0x0000000100000000)
  region size 1024K, 66 young (67584K), 7 survivors (7168K)
 Metaspace       used 103495K, committed 105472K, reserved 1179648K
  class space    used 13591K, committed 14592K, reserved 1048576K
}
Event: 10.135 GC heap after
{Heap after GC invocations=32 (full 0):
 garbage-first heap   total 193536K, used 112635K [0x0000000080000000, 0x0000000100000000)
  region size 1024K, 9 young (9216K), 9 survivors (9216K)
 Metaspace       used 103495K, committed 105472K, reserved 1179648K
  class space    used 13591K, committed 14592K, reserved 1048576K
}
Event: 10.978 GC heap before
{Heap before GC invocations=32 (full 0):
 garbage-first heap   total 193536K, used 173051K [0x0000000080000000, 0x0000000100000000)
  region size 1024K, 68 young (69632K), 9 survivors (9216K)
 Metaspace       used 112498K, committed 114432K, reserved 1179648K
  class space    used 14545K, committed 15552K, reserved 1048576K
}
Event: 10.985 GC heap after
{Heap after GC invocations=33 (full 0):
 garbage-first heap   total 193536K, used 114648K [0x0000000080000000, 0x0000000100000000)
  region size 1024K, 7 young (7168K), 7 survivors (7168K)
 Metaspace       used 112498K, committed 114432K, reserved 1179648K
  class space    used 14545K, committed 15552K, reserved 1048576K
}
Event: 11.745 GC heap before
{Heap before GC invocations=34 (full 0):
 garbage-first heap   total 194560K, used 175064K [0x0000000080000000, 0x0000000100000000)
  region size 1024K, 66 young (67584K), 7 survivors (7168K)
 Metaspace       used 119537K, committed 121472K, reserved 1179648K
  class space    used 15299K, committed 16256K, reserved 1048576K
}
Event: 11.751 GC heap after
{Heap after GC invocations=35 (full 0):
 garbage-first heap   total 194560K, used 118650K [0x0000000080000000, 0x0000000100000000)
  region size 1024K, 7 young (7168K), 7 survivors (7168K)
 Metaspace       used 119537K, committed 121472K, reserved 1179648K
  class space    used 15299K, committed 16256K, reserved 1048576K
}
Event: 12.071 GC heap before
{Heap before GC invocations=35 (full 0):
 garbage-first heap   total 194560K, used 177018K [0x0000000080000000, 0x0000000100000000)
  region size 1024K, 63 young (64512K), 7 survivors (7168K)
 Metaspace       used 120528K, committed 122496K, reserved 1179648K
  class space    used 15378K, committed 16384K, reserved 1048576K
}
Event: 12.081 GC heap after
{Heap after GC invocations=36 (full 0):
 garbage-first heap   total 194560K, used 123019K [0x0000000080000000, 0x0000000100000000)
  region size 1024K, 6 young (6144K), 6 survivors (6144K)
 Metaspace       used 120528K, committed 122496K, reserved 1179648K
  class space    used 15378K, committed 16384K, reserved 1048576K
}
Event: 13.477 GC heap before
{Heap before GC invocations=36 (full 0):
 garbage-first heap   total 194560K, used 177291K [0x0000000080000000, 0x0000000100000000)
  region size 1024K, 59 young (60416K), 6 survivors (6144K)
 Metaspace       used 126102K, committed 128192K, reserved 1179648K
  class space    used 16247K, committed 17280K, reserved 1048576K
}
Event: 13.485 GC heap after
{Heap after GC invocations=37 (full 0):
 garbage-first heap   total 194560K, used 128182K [0x0000000080000000, 0x0000000100000000)
  region size 1024K, 6 young (6144K), 6 survivors (6144K)
 Metaspace       used 126102K, committed 128192K, reserved 1179648K
  class space    used 16247K, committed 17280K, reserved 1048576K
}

