# JRE version: OpenJDK Runtime Environment (21.0.3) (build 21.0.3+-12282718-b509.11)
# Java VM: OpenJDK 64-Bit Server VM (21.0.3+-12282718-b509.11, mixed mode, tiered, compressed oops, compressed class ptrs, g1 gc, windows-amd64)
GC Precious Log:
 CardTable entry size: 512
 Card Set container configuration: InlinePtr #cards 5 size 8 Array Of Cards #cards 12 size 40 Howl #buckets 4 coarsen threshold 1843 Howl Bitmap #cards 512 size 80 coarsen threshold 460 Card regions per heap region 1 cards per card region 2048
 CPUs: 6 total, 6 available
 Memory: 7549M
 Large Page Support: Disabled
 NUMA Support: Disabled
 Compressed Oops: Enabled (32-bit)
 Heap Region Size: 1M
 Heap Min Capacity: 8M
 Heap Initial Capacity: 118M
 Heap Max Capacity: 2G
 Pre-touch: Disabled
 Parallel Workers: 6
 Concurrent Workers: 2
 Concurrent Refinement Workers: 6
 Periodic GC: Disabled
Heap:
 garbage-first heap   total 348160K, used 232846K [0x0000000080000000, 0x0000000100000000)
  region size 1024K, 22 young (22528K), 14 survivors (14336K)
 Metaspace       used 169136K, committed 171712K, reserved 1245184K
  class space    used 21901K, committed 23168K, reserved 1048576K
GC Heap History (20 events):
Event: 14.897 GC heap before
{Heap before GC invocations=39 (full 0):
 garbage-first heap   total 249856K, used 208393K [0x0000000080000000, 0x0000000100000000)
  region size 1024K, 58 young (59392K), 5 survivors (5120K)
 Metaspace       used 128067K, committed 130240K, reserved 1179648K
  class space    used 16585K, committed 17664K, reserved 1048576K
}
Event: 14.905 GC heap after
{Heap after GC invocations=40 (full 0):
 garbage-first heap   total 249856K, used 163840K [0x0000000080000000, 0x0000000100000000)
  region size 1024K, 8 young (8192K), 8 survivors (8192K)
 Metaspace       used 128067K, committed 130240K, reserved 1179648K
  class space    used 16585K, committed 17664K, reserved 1048576K
}
Event: 15.332 GC heap before
{Heap before GC invocations=40 (full 0):
 garbage-first heap   total 249856K, used 223232K [0x0000000080000000, 0x0000000100000000)
  region size 1024K, 61 young (62464K), 8 survivors (8192K)
 Metaspace       used 128826K, committed 130944K, reserved 1179648K
  class space    used 16627K, committed 17664K, reserved 1048576K
}
Event: 15.340 GC heap after
{Heap after GC invocations=41 (full 0):
 garbage-first heap   total 249856K, used 172345K [0x0000000080000000, 0x0000000100000000)
  region size 1024K, 8 young (8192K), 8 survivors (8192K)
 Metaspace       used 128826K, committed 130944K, reserved 1179648K
  class space    used 16627K, committed 17664K, reserved 1048576K
}
Event: 15.514 GC heap before
{Heap before GC invocations=41 (full 0):
 garbage-first heap   total 249856K, used 185657K [0x0000000080000000, 0x0000000100000000)
  region size 1024K, 23 young (23552K), 8 survivors (8192K)
 Metaspace       used 129955K, committed 132160K, reserved 1179648K
  class space    used 16769K, committed 17856K, reserved 1048576K
}
Event: 15.518 GC heap after
{Heap after GC invocations=42 (full 0):
 garbage-first heap   total 319488K, used 174392K [0x0000000080000000, 0x0000000100000000)
  region size 1024K, 2 young (2048K), 2 survivors (2048K)
 Metaspace       used 129955K, committed 132160K, reserved 1179648K
  class space    used 16769K, committed 17856K, reserved 1048576K
}
Event: 17.158 GC heap before
{Heap before GC invocations=42 (full 0):
 garbage-first heap   total 319488K, used 254264K [0x0000000080000000, 0x0000000100000000)
  region size 1024K, 80 young (81920K), 2 survivors (2048K)
 Metaspace       used 138347K, committed 140672K, reserved 1179648K
  class space    used 17846K, committed 19008K, reserved 1048576K
}
Event: 17.163 GC heap after
{Heap after GC invocations=43 (full 0):
 garbage-first heap   total 319488K, used 178947K [0x0000000080000000, 0x0000000100000000)
  region size 1024K, 5 young (5120K), 5 survivors (5120K)
 Metaspace       used 138347K, committed 140672K, reserved 1179648K
  class space    used 17846K, committed 19008K, reserved 1048576K
}
Event: 18.452 GC heap before
{Heap before GC invocations=44 (full 0):
 garbage-first heap   total 324608K, used 287491K [0x0000000080000000, 0x0000000100000000)
  region size 1024K, 105 young (107520K), 5 survivors (5120K)
 Metaspace       used 146102K, committed 148544K, reserved 1179648K
  class space    used 18879K, committed 20096K, reserved 1048576K
}
Event: 18.461 GC heap after
{Heap after GC invocations=45 (full 0):
 garbage-first heap   total 324608K, used 188445K [0x0000000080000000, 0x0000000100000000)
  region size 1024K, 13 young (13312K), 13 survivors (13312K)
 Metaspace       used 146102K, committed 148544K, reserved 1179648K
  class space    used 18879K, committed 20096K, reserved 1048576K
}
Event: 19.859 GC heap before
{Heap before GC invocations=45 (full 0):
 garbage-first heap   total 324608K, used 288797K [0x0000000080000000, 0x0000000100000000)
  region size 1024K, 110 young (112640K), 13 survivors (13312K)
 Metaspace       used 148541K, committed 150976K, reserved 1179648K
  class space    used 19193K, committed 20416K, reserved 1048576K
}
Event: 19.871 GC heap after
{Heap after GC invocations=46 (full 0):
 garbage-first heap   total 324608K, used 191972K [0x0000000080000000, 0x0000000100000000)
  region size 1024K, 12 young (12288K), 12 survivors (12288K)
 Metaspace       used 148541K, committed 150976K, reserved 1179648K
  class space    used 19193K, committed 20416K, reserved 1048576K
}
Event: 20.441 GC heap before
{Heap before GC invocations=46 (full 0):
 garbage-first heap   total 324608K, used 290276K [0x0000000080000000, 0x0000000100000000)
  region size 1024K, 108 young (110592K), 12 survivors (12288K)
 Metaspace       used 149989K, committed 152320K, reserved 1245184K
  class space    used 19292K, committed 20480K, reserved 1048576K
}
Event: 20.452 GC heap after
{Heap after GC invocations=47 (full 0):
 garbage-first heap   total 324608K, used 203182K [0x0000000080000000, 0x0000000100000000)
  region size 1024K, 11 young (11264K), 11 survivors (11264K)
 Metaspace       used 149989K, committed 152320K, reserved 1245184K
  class space    used 19292K, committed 20480K, reserved 1048576K
}
Event: 22.002 GC heap before
{Heap before GC invocations=48 (full 0):
 garbage-first heap   total 348160K, used 295342K [0x0000000080000000, 0x0000000100000000)
  region size 1024K, 100 young (102400K), 11 survivors (11264K)
 Metaspace       used 156592K, committed 159040K, reserved 1245184K
  class space    used 19948K, committed 21184K, reserved 1048576K
}
Event: 22.013 GC heap after
{Heap after GC invocations=49 (full 0):
 garbage-first heap   total 348160K, used 209381K [0x0000000080000000, 0x0000000100000000)
  region size 1024K, 6 young (6144K), 6 survivors (6144K)
 Metaspace       used 156592K, committed 159040K, reserved 1245184K
  class space    used 19948K, committed 21184K, reserved 1048576K
}
Event: 23.730 GC heap before
{Heap before GC invocations=49 (full 0):
 garbage-first heap   total 348160K, used 325093K [0x0000000080000000, 0x0000000100000000)
  region size 1024K, 106 young (108544K), 6 survivors (6144K)
 Metaspace       used 164272K, committed 166784K, reserved 1245184K
  class space    used 21205K, committed 22464K, reserved 1048576K
}
Event: 23.740 GC heap after
{Heap after GC invocations=50 (full 0):
 garbage-first heap   total 348160K, used 220086K [0x0000000080000000, 0x0000000100000000)
  region size 1024K, 14 young (14336K), 14 survivors (14336K)
 Metaspace       used 164272K, committed 166784K, reserved 1245184K
  class space    used 21205K, committed 22464K, reserved 1048576K
}
Event: 24.725 GC heap before
{Heap before GC invocations=50 (full 0):
 garbage-first heap   total 348160K, used 315318K [0x0000000080000000, 0x0000000100000000)
  region size 1024K, 107 young (109568K), 14 survivors (14336K)
 Metaspace       used 169134K, committed 171712K, reserved 1245184K
  class space    used 21901K, committed 23168K, reserved 1048576K
}
Event: 24.737 GC heap after
{Heap after GC invocations=51 (full 0):
 garbage-first heap   total 348160K, used 225678K [0x0000000080000000, 0x0000000100000000)
  region size 1024K, 14 young (14336K), 14 survivors (14336K)
 Metaspace       used 169134K, committed 171712K, reserved 1245184K
  class space    used 21901K, committed 23168K, reserved 1048576K
}

