# JRE version: OpenJDK Runtime Environment (21.0.3) (build 21.0.3+-12282718-b509.11)
# Java VM: OpenJDK 64-Bit Server VM (21.0.3+-12282718-b509.11, mixed mode, tiered, compressed oops, compressed class ptrs, g1 gc, windows-amd64)
GC Precious Log:
 CardTable entry size: 512
 Card Set container configuration: InlinePtr #cards 5 size 8 Array Of Cards #cards 12 size 40 Howl #buckets 4 coarsen threshold 1843 Howl Bitmap #cards 512 size 80 coarsen threshold 460 Card regions per heap region 1 cards per card region 2048
 CPUs: 6 total, 6 available
 Memory: 7549M
 Large Page Support: Disabled
 NUMA Support: Disabled
 Compressed Oops: Enabled (32-bit)
 Heap Region Size: 1M
 Heap Min Capacity: 8M
 Heap Initial Capacity: 118M
 Heap Max Capacity: 2G
 Pre-touch: Disabled
 Parallel Workers: 6
 Concurrent Workers: 2
 Concurrent Refinement Workers: 6
 Periodic GC: Disabled
Heap:
 garbage-first heap   total 158720K, used 108428K [0x0000000080000000, 0x0000000100000000)
  region size 1024K, 2 young (2048K), 2 survivors (2048K)
 Metaspace       used 96851K, committed 98752K, reserved 1179648K
  class space    used 12973K, committed 13888K, reserved 1048576K
GC Heap History (20 events):
Event: 7.387 GC heap after
{Heap after GC invocations=23 (full 0):
 garbage-first heap   total 129024K, used 61743K [0x0000000080000000, 0x0000000100000000)
  region size 1024K, 7 young (7168K), 7 survivors (7168K)
 Metaspace       used 60257K, committed 61632K, reserved 1114112K
  class space    used 8235K, committed 8896K, reserved 1048576K
}
Event: 8.072 GC heap before
{Heap before GC invocations=23 (full 0):
 garbage-first heap   total 129024K, used 63791K [0x0000000080000000, 0x0000000100000000)
  region size 1024K, 10 young (10240K), 7 survivors (7168K)
 Metaspace       used 60305K, committed 61696K, reserved 1114112K
  class space    used 8238K, committed 8896K, reserved 1048576K
}
Event: 8.076 GC heap after
{Heap after GC invocations=24 (full 0):
 garbage-first heap   total 129024K, used 62376K [0x0000000080000000, 0x0000000100000000)
  region size 1024K, 5 young (5120K), 5 survivors (5120K)
 Metaspace       used 60305K, committed 61696K, reserved 1114112K
  class space    used 8238K, committed 8896K, reserved 1048576K
}
Event: 8.170 GC heap before
{Heap before GC invocations=25 (full 0):
 garbage-first heap   total 129024K, used 117672K [0x0000000080000000, 0x0000000100000000)
  region size 1024K, 53 young (54272K), 5 survivors (5120K)
 Metaspace       used 60412K, committed 61824K, reserved 1114112K
  class space    used 8242K, committed 8896K, reserved 1048576K
}
Event: 8.175 GC heap after
{Heap after GC invocations=26 (full 0):
 garbage-first heap   total 129024K, used 71399K [0x0000000080000000, 0x0000000100000000)
  region size 1024K, 4 young (4096K), 4 survivors (4096K)
 Metaspace       used 60412K, committed 61824K, reserved 1114112K
  class space    used 8242K, committed 8896K, reserved 1048576K
}
Event: 8.538 GC heap before
{Heap before GC invocations=26 (full 0):
 garbage-first heap   total 129024K, used 122599K [0x0000000080000000, 0x0000000100000000)
  region size 1024K, 47 young (48128K), 4 survivors (4096K)
 Metaspace       used 63282K, committed 64768K, reserved 1114112K
  class space    used 8501K, committed 9280K, reserved 1048576K
}
Event: 8.541 GC heap after
{Heap after GC invocations=27 (full 0):
 garbage-first heap   total 132096K, used 79255K [0x0000000080000000, 0x0000000100000000)
  region size 1024K, 6 young (6144K), 6 survivors (6144K)
 Metaspace       used 63282K, committed 64768K, reserved 1114112K
  class space    used 8501K, committed 9280K, reserved 1048576K
}
Event: 9.297 GC heap before
{Heap before GC invocations=27 (full 0):
 garbage-first heap   total 132096K, used 116119K [0x0000000080000000, 0x0000000100000000)
  region size 1024K, 43 young (44032K), 6 survivors (6144K)
 Metaspace       used 68766K, committed 70336K, reserved 1114112K
  class space    used 9653K, committed 10432K, reserved 1048576K
}
Event: 9.300 GC heap after
{Heap after GC invocations=28 (full 0):
 garbage-first heap   total 132096K, used 80719K [0x0000000080000000, 0x0000000100000000)
  region size 1024K, 5 young (5120K), 5 survivors (5120K)
 Metaspace       used 68766K, committed 70336K, reserved 1114112K
  class space    used 9653K, committed 10432K, reserved 1048576K
}
Event: 9.711 GC heap before
{Heap before GC invocations=29 (full 0):
 garbage-first heap   total 142336K, used 117583K [0x0000000080000000, 0x0000000100000000)
  region size 1024K, 41 young (41984K), 5 survivors (5120K)
 Metaspace       used 74050K, committed 75520K, reserved 1114112K
  class space    used 10336K, committed 11072K, reserved 1048576K
}
Event: 9.714 GC heap after
{Heap after GC invocations=30 (full 0):
 garbage-first heap   total 142336K, used 81917K [0x0000000080000000, 0x0000000100000000)
  region size 1024K, 3 young (3072K), 3 survivors (3072K)
 Metaspace       used 74050K, committed 75520K, reserved 1114112K
  class space    used 10336K, committed 11072K, reserved 1048576K
}
Event: 10.304 GC heap before
{Heap before GC invocations=30 (full 0):
 garbage-first heap   total 142336K, used 137213K [0x0000000080000000, 0x0000000100000000)
  region size 1024K, 50 young (51200K), 3 survivors (3072K)
 Metaspace       used 81809K, committed 83392K, reserved 1179648K
  class space    used 11278K, committed 12032K, reserved 1048576K
}
Event: 10.309 GC heap after
{Heap after GC invocations=31 (full 0):
 garbage-first heap   total 145408K, used 90844K [0x0000000080000000, 0x0000000100000000)
  region size 1024K, 6 young (6144K), 6 survivors (6144K)
 Metaspace       used 81809K, committed 83392K, reserved 1179648K
  class space    used 11278K, committed 12032K, reserved 1048576K
}
Event: 10.918 GC heap before
{Heap before GC invocations=31 (full 0):
 garbage-first heap   total 145408K, used 129756K [0x0000000080000000, 0x0000000100000000)
  region size 1024K, 44 young (45056K), 6 survivors (6144K)
 Metaspace       used 82569K, committed 84096K, reserved 1179648K
  class space    used 11355K, committed 12096K, reserved 1048576K
}
Event: 10.933 GC heap after
{Heap after GC invocations=32 (full 0):
 garbage-first heap   total 145408K, used 92463K [0x0000000080000000, 0x0000000100000000)
  region size 1024K, 6 young (6144K), 6 survivors (6144K)
 Metaspace       used 82569K, committed 84096K, reserved 1179648K
  class space    used 11355K, committed 12096K, reserved 1048576K
}
Event: 11.760 GC heap before
{Heap before GC invocations=33 (full 0):
 garbage-first heap   total 158720K, used 136495K [0x0000000080000000, 0x0000000100000000)
  region size 1024K, 42 young (43008K), 6 survivors (6144K)
 Metaspace       used 87285K, committed 88832K, reserved 1179648K
  class space    used 11900K, committed 12672K, reserved 1048576K
}
Event: 11.769 GC heap after
{Heap after GC invocations=34 (full 0):
 garbage-first heap   total 158720K, used 103183K [0x0000000080000000, 0x0000000100000000)
  region size 1024K, 3 young (3072K), 3 survivors (3072K)
 Metaspace       used 87285K, committed 88832K, reserved 1179648K
  class space    used 11900K, committed 12672K, reserved 1048576K
}
Event: 12.328 GC heap before
{Heap before GC invocations=34 (full 0):
 garbage-first heap   total 158720K, used 144143K [0x0000000080000000, 0x0000000100000000)
  region size 1024K, 43 young (44032K), 3 survivors (3072K)
 Metaspace       used 92419K, committed 94080K, reserved 1179648K
  class space    used 12372K, committed 13184K, reserved 1048576K
}
Event: 12.335 GC heap after
{Heap after GC invocations=35 (full 0):
 garbage-first heap   total 158720K, used 106145K [0x0000000080000000, 0x0000000100000000)
  region size 1024K, 6 young (6144K), 6 survivors (6144K)
 Metaspace       used 92419K, committed 94080K, reserved 1179648K
  class space    used 12372K, committed 13184K, reserved 1048576K
}
Event: 12.849 GC heap before
{Heap before GC invocations=35 (full 0):
 garbage-first heap   total 158720K, used 141985K [0x0000000080000000, 0x0000000100000000)
  region size 1024K, 41 young (41984K), 6 survivors (6144K)
 Metaspace       used 96851K, committed 98752K, reserved 1179648K
  class space    used 12973K, committed 13888K, reserved 1048576K
}

